/*C308*/SET SCHEMA PUBLIC
DISCONNECT
/*C309*/SET SCHEMA PUBLIC
alter table Compte drop constraint FKsjjl4fn17t9uy552so0l9xlc7
drop table Compte if exists
drop table User if exists
create table Compte (DTYPE varchar(31) not null, id bigint generated by default as identity (start with 1), solde numeric(19,2), montantDecouvert numeric(19,2), client_id bigint, primary key (id))
create table User (id bigint generated by default as identity (start with 1), nom varchar(255), password varchar(255), prenom varchar(255), role varchar(255), username varchar(255), primary key (id))
alter table Compte add constraint FKsjjl4fn17t9uy552so0l9xlc7 foreign key (client_id) references User
INSERT INTO USER VALUES(1,'R','toor','oot','ROLE_ADMIN','oR')
INSERT INTO COMPTE VALUES('CompteEpargne',1,300000.00,NULL,1)
INSERT INTO USER VALUES(2,'Quincy','password','Jordane','ROLE_USER','JQuincy')
INSERT INTO COMPTE VALUES('CompteCourant',2,500.00,4000.00,2)
INSERT INTO COMPTE VALUES('CompteEpargne',3,10000.00,NULL,2)
COMMIT
DELETE FROM COMPTE WHERE ID=2
INSERT INTO COMPTE VALUES('CompteCourant',2,-1.00,4000.00,2)
COMMIT
DELETE FROM COMPTE WHERE ID=2
INSERT INTO COMPTE VALUES('CompteCourant',2,-3999.00,4000.00,2)
COMMIT
DELETE FROM COMPTE WHERE ID=2
INSERT INTO COMPTE VALUES('CompteCourant',2,-4000.00,4000.00,2)
COMMIT
DELETE FROM COMPTE WHERE ID=2
INSERT INTO COMPTE VALUES('CompteCourant',2,0.00,4000.00,2)
COMMIT
DELETE FROM COMPTE WHERE ID=2
INSERT INTO COMPTE VALUES('CompteCourant',2,12.00,4000.00,2)
COMMIT
DELETE FROM COMPTE WHERE ID=3
INSERT INTO COMPTE VALUES('CompteEpargne',3,10001.00,NULL,2)
COMMIT
DELETE FROM COMPTE WHERE ID=3
INSERT INTO COMPTE VALUES('CompteEpargne',3,0.00,NULL,2)
COMMIT
DELETE FROM COMPTE WHERE ID=3
INSERT INTO COMPTE VALUES('CompteEpargne',3,1.00,NULL,2)
COMMIT
DELETE FROM COMPTE WHERE ID=3
INSERT INTO COMPTE VALUES('CompteEpargne',3,0.00,NULL,2)
COMMIT
DELETE FROM COMPTE WHERE ID=2
INSERT INTO COMPTE VALUES('CompteCourant',2,11.00,4000.00,2)
COMMIT
DELETE FROM COMPTE WHERE ID=2
INSERT INTO COMPTE VALUES('CompteCourant',2,10.00,4000.00,2)
COMMIT
DELETE FROM COMPTE WHERE ID=2
INSERT INTO COMPTE VALUES('CompteCourant',2,9.00,4000.00,2)
COMMIT
DELETE FROM COMPTE WHERE ID=2
INSERT INTO COMPTE VALUES('CompteCourant',2,8.00,4000.00,2)
COMMIT
DELETE FROM COMPTE WHERE ID=2
INSERT INTO COMPTE VALUES('CompteCourant',2,7.00,4000.00,2)
COMMIT
DELETE FROM COMPTE WHERE ID=2
INSERT INTO COMPTE VALUES('CompteCourant',2,6.00,4000.00,2)
COMMIT
DELETE FROM COMPTE WHERE ID=2
INSERT INTO COMPTE VALUES('CompteCourant',2,5.00,4000.00,2)
COMMIT
DELETE FROM COMPTE WHERE ID=2
INSERT INTO COMPTE VALUES('CompteCourant',2,4.00,4000.00,2)
COMMIT
DELETE FROM COMPTE WHERE ID=2
INSERT INTO COMPTE VALUES('CompteCourant',2,3.00,4000.00,2)
COMMIT
DELETE FROM COMPTE WHERE ID=2
INSERT INTO COMPTE VALUES('CompteCourant',2,2.00,4000.00,2)
COMMIT
DELETE FROM COMPTE WHERE ID=2
INSERT INTO COMPTE VALUES('CompteCourant',2,1.00,4000.00,2)
COMMIT
DELETE FROM COMPTE WHERE ID=2
INSERT INTO COMPTE VALUES('CompteCourant',2,0.00,4000.00,2)
COMMIT
DELETE FROM COMPTE WHERE ID=2
INSERT INTO COMPTE VALUES('CompteCourant',2,-1.00,4000.00,2)
COMMIT
DELETE FROM COMPTE WHERE ID=2
INSERT INTO COMPTE VALUES('CompteCourant',2,-2.00,4000.00,2)
COMMIT
DELETE FROM COMPTE WHERE ID=2
INSERT INTO COMPTE VALUES('CompteCourant',2,-3.00,4000.00,2)
COMMIT
DELETE FROM COMPTE WHERE ID=2
INSERT INTO COMPTE VALUES('CompteCourant',2,-4.00,4000.00,2)
COMMIT
DELETE FROM COMPTE WHERE ID=2
INSERT INTO COMPTE VALUES('CompteCourant',2,-5.00,4000.00,2)
COMMIT
DELETE FROM COMPTE WHERE ID=2
INSERT INTO COMPTE VALUES('CompteCourant',2,-6.00,4000.00,2)
COMMIT
DELETE FROM COMPTE WHERE ID=2
INSERT INTO COMPTE VALUES('CompteCourant',2,-3906.00,4000.00,2)
COMMIT
DELETE FROM COMPTE WHERE ID=2
INSERT INTO COMPTE VALUES('CompteCourant',2,-3926.00,4000.00,2)
COMMIT
DELETE FROM COMPTE WHERE ID=2
INSERT INTO COMPTE VALUES('CompteCourant',2,-4000.00,4000.00,2)
COMMIT
alter table Compte drop constraint FKsjjl4fn17t9uy552so0l9xlc7
drop table Compte if exists
drop table User if exists
DISCONNECT
/*C310*/SET SCHEMA PUBLIC
DISCONNECT
/*C311*/SET SCHEMA PUBLIC
drop table Compte if exists
drop table User if exists
create table Compte (DTYPE varchar(31) not null, id bigint generated by default as identity (start with 1), solde numeric(19,2), montantDecouvert numeric(19,2), client_id bigint, primary key (id))
create table User (id bigint generated by default as identity (start with 1), nom varchar(255), password varchar(255), prenom varchar(255), role varchar(255), username varchar(255), primary key (id))
alter table Compte add constraint FKsjjl4fn17t9uy552so0l9xlc7 foreign key (client_id) references User
alter table Compte drop constraint FKsjjl4fn17t9uy552so0l9xlc7
drop table Compte if exists
drop table User if exists
DISCONNECT
/*C312*/SET SCHEMA PUBLIC
DISCONNECT
/*C313*/SET SCHEMA PUBLIC
drop table Compte if exists
drop table User if exists
create table Compte (DTYPE varchar(31) not null, id bigint generated by default as identity (start with 1), solde numeric(19,2), montantDecouvert numeric(19,2), client_id bigint, primary key (id))
create table User (id bigint generated by default as identity (start with 1), nom varchar(255), password varchar(255), prenom varchar(255), role varchar(255), username varchar(255), primary key (id))
alter table Compte add constraint FKsjjl4fn17t9uy552so0l9xlc7 foreign key (client_id) references User
DISCONNECT
/*C314*/SET SCHEMA PUBLIC
DISCONNECT
/*C315*/SET SCHEMA PUBLIC
alter table Compte drop constraint FKsjjl4fn17t9uy552so0l9xlc7
drop table Compte if exists
drop table User if exists
create table Compte (DTYPE varchar(31) not null, id bigint generated by default as identity (start with 1), solde numeric(19,2), montantDecouvert numeric(19,2), client_id bigint, primary key (id))
create table User (id bigint generated by default as identity (start with 1), nom varchar(255), password varchar(255), prenom varchar(255), role varchar(255), username varchar(255), primary key (id))
alter table Compte add constraint FKsjjl4fn17t9uy552so0l9xlc7 foreign key (client_id) references User
INSERT INTO USER VALUES(1,'R','toor','oot','ROLE_ADMIN','oR')
INSERT INTO COMPTE VALUES('CompteEpargne',1,300000.00,NULL,1)
INSERT INTO USER VALUES(2,'Quincy','password','Jordane','ROLE_USER','JQuincy')
INSERT INTO COMPTE VALUES('CompteCourant',2,500.00,4000.00,2)
INSERT INTO COMPTE VALUES('CompteEpargne',3,10000.00,NULL,2)
COMMIT
alter table Compte drop constraint FKsjjl4fn17t9uy552so0l9xlc7
drop table Compte if exists
drop table User if exists
DISCONNECT
/*C316*/SET SCHEMA PUBLIC
DISCONNECT
/*C317*/SET SCHEMA PUBLIC
drop table Compte if exists
drop table User if exists
create table Compte (DTYPE varchar(31) not null, id bigint generated by default as identity (start with 1), solde numeric(19,2), montantDecouvert numeric(19,2), client_id bigint, primary key (id))
create table User (id bigint generated by default as identity (start with 1), nom varchar(255), password varchar(255), prenom varchar(255), role varchar(255), username varchar(255), primary key (id))
alter table Compte add constraint FKsjjl4fn17t9uy552so0l9xlc7 foreign key (client_id) references User
INSERT INTO USER VALUES(1,'R','toor','oot','ROLE_ADMIN','oR')
INSERT INTO COMPTE VALUES('CompteEpargne',1,300000.00,NULL,1)
INSERT INTO USER VALUES(2,'Quincy','password','Jordane','ROLE_USER','JQuincy')
INSERT INTO COMPTE VALUES('CompteCourant',2,500.00,4000.00,2)
INSERT INTO COMPTE VALUES('CompteEpargne',3,10000.00,NULL,2)
COMMIT
alter table Compte drop constraint FKsjjl4fn17t9uy552so0l9xlc7
drop table Compte if exists
drop table User if exists
DISCONNECT
/*C319*/SET SCHEMA PUBLIC
DISCONNECT
/*C320*/SET SCHEMA PUBLIC
drop table Compte if exists
drop table User if exists
create table Compte (DTYPE varchar(31) not null, id bigint generated by default as identity (start with 1), solde numeric(19,2), montantDecouvert numeric(19,2), client_id bigint, primary key (id))
create table User (id bigint generated by default as identity (start with 1), nom varchar(255), password varchar(255), prenom varchar(255), role varchar(255), username varchar(255), primary key (id))
alter table Compte add constraint FKsjjl4fn17t9uy552so0l9xlc7 foreign key (client_id) references User
INSERT INTO USER VALUES(1,'R','toor','oot','ROLE_ADMIN','oR')
INSERT INTO COMPTE VALUES('CompteEpargne',1,300000.00,NULL,1)
INSERT INTO USER VALUES(2,'Quincy','password','Jordane','ROLE_USER','JQuincy')
INSERT INTO COMPTE VALUES('CompteCourant',2,500.00,4000.00,2)
INSERT INTO COMPTE VALUES('CompteEpargne',3,10000.00,NULL,2)
COMMIT
alter table Compte drop constraint FKsjjl4fn17t9uy552so0l9xlc7
drop table Compte if exists
drop table User if exists
DISCONNECT
/*C321*/SET SCHEMA PUBLIC
DISCONNECT
/*C322*/SET SCHEMA PUBLIC
drop table Compte if exists
drop table User if exists
create table Compte (DTYPE varchar(31) not null, id bigint generated by default as identity (start with 1), solde numeric(19,2), montantDecouvert numeric(19,2), client_id bigint, primary key (id))
create table User (id bigint generated by default as identity (start with 1), nom varchar(255), password varchar(255), prenom varchar(255), role varchar(255), username varchar(255), primary key (id))
alter table Compte add constraint FKsjjl4fn17t9uy552so0l9xlc7 foreign key (client_id) references User
DISCONNECT
/*C323*/SET SCHEMA PUBLIC
DISCONNECT
/*C324*/SET SCHEMA PUBLIC
alter table Compte drop constraint FKsjjl4fn17t9uy552so0l9xlc7
drop table Compte if exists
drop table User if exists
create table Compte (DTYPE varchar(31) not null, id bigint generated by default as identity (start with 1), solde numeric(19,2), montantDecouvert numeric(19,2), client_id bigint, primary key (id))
create table User (id bigint generated by default as identity (start with 1), nom varchar(255), password varchar(255), prenom varchar(255), role varchar(255), username varchar(255), primary key (id))
alter table Compte add constraint FKsjjl4fn17t9uy552so0l9xlc7 foreign key (client_id) references User
INSERT INTO USER VALUES(1,'R','toor','oot','ROLE_ADMIN','oR')
INSERT INTO COMPTE VALUES('CompteEpargne',1,300000.00,NULL,1)
INSERT INTO USER VALUES(2,'Quincy','password','Jordane','ROLE_USER','JQuincy')
INSERT INTO COMPTE VALUES('CompteCourant',2,500.00,4000.00,2)
INSERT INTO COMPTE VALUES('CompteEpargne',3,10000.00,NULL,2)
COMMIT
alter table Compte drop constraint FKsjjl4fn17t9uy552so0l9xlc7
drop table Compte if exists
drop table User if exists
DISCONNECT
/*C325*/SET SCHEMA PUBLIC
DISCONNECT
/*C326*/SET SCHEMA PUBLIC
drop table Compte if exists
drop table User if exists
create table Compte (DTYPE varchar(31) not null, id bigint generated by default as identity (start with 1), solde numeric(19,2), montantDecouvert numeric(19,2), client_id bigint, primary key (id))
create table User (id bigint generated by default as identity (start with 1), nom varchar(255), password varchar(255), prenom varchar(255), role varchar(255), username varchar(255), primary key (id))
alter table Compte add constraint FKsjjl4fn17t9uy552so0l9xlc7 foreign key (client_id) references User
DISCONNECT
/*C327*/SET SCHEMA PUBLIC
DISCONNECT
/*C328*/SET SCHEMA PUBLIC
alter table Compte drop constraint FKsjjl4fn17t9uy552so0l9xlc7
drop table Compte if exists
drop table User if exists
create table Compte (DTYPE varchar(31) not null, id bigint generated by default as identity (start with 1), solde numeric(19,2), montantDecouvert numeric(19,2), client_id bigint, primary key (id))
create table User (id bigint generated by default as identity (start with 1), nom varchar(255), password varchar(255), prenom varchar(255), role varchar(255), username varchar(255), primary key (id))
alter table Compte add constraint FKsjjl4fn17t9uy552so0l9xlc7 foreign key (client_id) references User
INSERT INTO USER VALUES(1,'R','toor','oot','ROLE_ADMIN','oR')
INSERT INTO COMPTE VALUES('CompteEpargne',1,300000.00,NULL,1)
INSERT INTO USER VALUES(2,'Quincy','password','Jordane','ROLE_USER','JQuincy')
INSERT INTO COMPTE VALUES('CompteCourant',2,500.00,4000.00,2)
INSERT INTO COMPTE VALUES('CompteEpargne',3,10000.00,NULL,2)
COMMIT
alter table Compte drop constraint FKsjjl4fn17t9uy552so0l9xlc7
drop table Compte if exists
drop table User if exists
DISCONNECT
/*C329*/SET SCHEMA PUBLIC
DISCONNECT
/*C330*/SET SCHEMA PUBLIC
drop table Compte if exists
drop table User if exists
create table Compte (DTYPE varchar(31) not null, id bigint generated by default as identity (start with 1), solde numeric(19,2), montantDecouvert numeric(19,2), client_id bigint, primary key (id))
create table User (id bigint generated by default as identity (start with 1), nom varchar(255), password varchar(255), prenom varchar(255), role varchar(255), username varchar(255), primary key (id))
alter table Compte add constraint FKsjjl4fn17t9uy552so0l9xlc7 foreign key (client_id) references User
INSERT INTO USER VALUES(1,'R','toor','oot','ROLE_ADMIN','oR')
INSERT INTO COMPTE VALUES('CompteEpargne',1,300000.00,NULL,1)
INSERT INTO USER VALUES(2,'Quincy','password','Jordane','ROLE_USER','JQuincy')
INSERT INTO COMPTE VALUES('CompteCourant',2,500.00,4000.00,2)
INSERT INTO COMPTE VALUES('CompteEpargne',3,10000.00,NULL,2)
COMMIT
alter table Compte drop constraint FKsjjl4fn17t9uy552so0l9xlc7
drop table Compte if exists
drop table User if exists
DISCONNECT
/*C331*/SET SCHEMA PUBLIC
DISCONNECT
/*C332*/SET SCHEMA PUBLIC
drop table Compte if exists
drop table User if exists
create table Compte (DTYPE varchar(31) not null, id bigint generated by default as identity (start with 1), solde numeric(19,2), montantDecouvert numeric(19,2), client_id bigint, primary key (id))
create table User (id bigint generated by default as identity (start with 1), nom varchar(255), password varchar(255), prenom varchar(255), role varchar(255), username varchar(255), primary key (id))
alter table Compte add constraint FKsjjl4fn17t9uy552so0l9xlc7 foreign key (client_id) references User
DISCONNECT
/*C333*/SET SCHEMA PUBLIC
DISCONNECT
/*C334*/SET SCHEMA PUBLIC
alter table Compte drop constraint FKsjjl4fn17t9uy552so0l9xlc7
drop table Compte if exists
drop table User if exists
create table Compte (DTYPE varchar(31) not null, id bigint generated by default as identity (start with 1), solde numeric(19,2), montantDecouvert numeric(19,2), client_id bigint, primary key (id))
create table User (id bigint generated by default as identity (start with 1), nom varchar(255), password varchar(255), prenom varchar(255), role varchar(255), username varchar(255), primary key (id))
alter table Compte add constraint FKsjjl4fn17t9uy552so0l9xlc7 foreign key (client_id) references User
INSERT INTO USER VALUES(1,'R','toor','oot','ROLE_ADMIN','oR')
INSERT INTO COMPTE VALUES('CompteEpargne',1,300000.00,NULL,1)
INSERT INTO USER VALUES(2,'Quincy','password','Jordane','ROLE_USER','JQuincy')
INSERT INTO COMPTE VALUES('CompteCourant',2,500.00,4000.00,2)
INSERT INTO COMPTE VALUES('CompteEpargne',3,10000.00,NULL,2)
COMMIT
DISCONNECT
/*C335*/SET SCHEMA PUBLIC
DISCONNECT
/*C336*/SET SCHEMA PUBLIC
alter table Compte drop constraint FKsjjl4fn17t9uy552so0l9xlc7
drop table Compte if exists
drop table User if exists
create table Compte (DTYPE varchar(31) not null, id bigint generated by default as identity (start with 1), solde numeric(19,2), montantDecouvert numeric(19,2), client_id bigint, primary key (id))
create table User (id bigint generated by default as identity (start with 1), nom varchar(255), password varchar(255), prenom varchar(255), role varchar(255), username varchar(255), primary key (id))
alter table Compte add constraint FKsjjl4fn17t9uy552so0l9xlc7 foreign key (client_id) references User
INSERT INTO USER VALUES(1,'R','toor','oot','ROLE_ADMIN','oR')
INSERT INTO COMPTE VALUES('CompteEpargne',1,300000.00,NULL,1)
INSERT INTO USER VALUES(2,'Quincy','password','Jordane','ROLE_USER','JQuincy')
INSERT INTO COMPTE VALUES('CompteCourant',2,500.00,4000.00,2)
INSERT INTO COMPTE VALUES('CompteEpargne',3,10000.00,NULL,2)
COMMIT
alter table Compte drop constraint FKsjjl4fn17t9uy552so0l9xlc7
drop table Compte if exists
drop table User if exists
DISCONNECT
/*C337*/SET SCHEMA PUBLIC
DISCONNECT
/*C338*/SET SCHEMA PUBLIC
drop table Compte if exists
drop table User if exists
create table Compte (DTYPE varchar(31) not null, id bigint generated by default as identity (start with 1), solde numeric(19,2), montantDecouvert numeric(19,2), client_id bigint, primary key (id))
create table User (id bigint generated by default as identity (start with 1), nom varchar(255), password varchar(255), prenom varchar(255), role varchar(255), username varchar(255), primary key (id))
alter table Compte add constraint FKsjjl4fn17t9uy552so0l9xlc7 foreign key (client_id) references User
INSERT INTO USER VALUES(1,'R','toor','oot','ROLE_ADMIN','oR')
INSERT INTO COMPTE VALUES('CompteEpargne',1,300000.00,NULL,1)
INSERT INTO USER VALUES(2,'Quincy','password','Jordane','ROLE_USER','JQuincy')
INSERT INTO COMPTE VALUES('CompteCourant',2,500.00,4000.00,2)
INSERT INTO COMPTE VALUES('CompteEpargne',3,10000.00,NULL,2)
COMMIT
alter table Compte drop constraint FKsjjl4fn17t9uy552so0l9xlc7
drop table Compte if exists
drop table User if exists
DISCONNECT
/*C339*/SET SCHEMA PUBLIC
DISCONNECT
/*C340*/SET SCHEMA PUBLIC
drop table Compte if exists
drop table User if exists
create table Compte (DTYPE varchar(31) not null, id bigint generated by default as identity (start with 1), solde numeric(19,2), montantDecouvert numeric(19,2), client_id bigint, primary key (id))
create table User (id bigint generated by default as identity (start with 1), nom varchar(255), password varchar(255), prenom varchar(255), role varchar(255), username varchar(255), primary key (id))
alter table Compte add constraint FKsjjl4fn17t9uy552so0l9xlc7 foreign key (client_id) references User
alter table Compte drop constraint FKsjjl4fn17t9uy552so0l9xlc7
drop table Compte if exists
drop table User if exists
DISCONNECT
/*C341*/SET SCHEMA PUBLIC
DISCONNECT
/*C342*/SET SCHEMA PUBLIC
drop table Compte if exists
drop table User if exists
create table Compte (DTYPE varchar(31) not null, id bigint generated by default as identity (start with 1), solde numeric(19,2), montantDecouvert numeric(19,2), client_id bigint, primary key (id))
create table User (id bigint generated by default as identity (start with 1), nom varchar(255), password varchar(255), prenom varchar(255), role varchar(255), username varchar(255), primary key (id))
alter table Compte add constraint FKsjjl4fn17t9uy552so0l9xlc7 foreign key (client_id) references User
INSERT INTO USER VALUES(1,'R','toor','oot','ROLE_ADMIN','oR')
INSERT INTO COMPTE VALUES('CompteEpargne',1,300000.00,NULL,1)
INSERT INTO USER VALUES(2,'Quincy','password','Jordane','ROLE_USER','JQuincy')
INSERT INTO COMPTE VALUES('CompteCourant',2,500.00,4000.00,2)
INSERT INTO COMPTE VALUES('CompteEpargne',3,10000.00,NULL,2)
COMMIT
alter table Compte drop constraint FKsjjl4fn17t9uy552so0l9xlc7
drop table Compte if exists
drop table User if exists
DISCONNECT
/*C343*/SET SCHEMA PUBLIC
DISCONNECT
/*C344*/SET SCHEMA PUBLIC
drop table Compte if exists
drop table User if exists
create table Compte (DTYPE varchar(31) not null, id bigint generated by default as identity (start with 1), solde numeric(19,2), montantDecouvert numeric(19,2), client_id bigint, primary key (id))
create table User (id bigint generated by default as identity (start with 1), nom varchar(255), password varchar(255), prenom varchar(255), role varchar(255), username varchar(255), primary key (id))
alter table Compte add constraint FKsjjl4fn17t9uy552so0l9xlc7 foreign key (client_id) references User
DISCONNECT
/*C345*/SET SCHEMA PUBLIC
DISCONNECT
/*C346*/SET SCHEMA PUBLIC
alter table Compte drop constraint FKsjjl4fn17t9uy552so0l9xlc7
drop table Compte if exists
drop table User if exists
create table Compte (DTYPE varchar(31) not null, id bigint generated by default as identity (start with 1), solde numeric(19,2), montantDecouvert numeric(19,2), client_id bigint, primary key (id))
create table User (id bigint generated by default as identity (start with 1), nom varchar(255), password varchar(255), prenom varchar(255), role varchar(255), username varchar(255), primary key (id))
alter table Compte add constraint FKsjjl4fn17t9uy552so0l9xlc7 foreign key (client_id) references User
INSERT INTO USER VALUES(1,'R','toor','oot','ROLE_ADMIN','oR')
INSERT INTO COMPTE VALUES('CompteEpargne',1,300000.00,NULL,1)
INSERT INTO USER VALUES(2,'Quincy','password','Jordane','ROLE_USER','JQuincy')
INSERT INTO COMPTE VALUES('CompteCourant',2,500.00,4000.00,2)
INSERT INTO COMPTE VALUES('CompteEpargne',3,10000.00,NULL,2)
COMMIT
alter table Compte drop constraint FKsjjl4fn17t9uy552so0l9xlc7
drop table Compte if exists
drop table User if exists
DISCONNECT
/*C347*/SET SCHEMA PUBLIC
DISCONNECT
/*C348*/SET SCHEMA PUBLIC
drop table Compte if exists
drop table User if exists
create table Compte (DTYPE varchar(31) not null, id bigint generated by default as identity (start with 1), solde numeric(19,2), montantDecouvert numeric(19,2), client_id bigint, primary key (id))
create table User (id bigint generated by default as identity (start with 1), nom varchar(255), password varchar(255), prenom varchar(255), role varchar(255), username varchar(255), primary key (id))
alter table Compte add constraint FKsjjl4fn17t9uy552so0l9xlc7 foreign key (client_id) references User
INSERT INTO USER VALUES(1,'R','toor','oot','ROLE_ADMIN','oR')
INSERT INTO COMPTE VALUES('CompteEpargne',1,300000.00,NULL,1)
INSERT INTO USER VALUES(2,'Quincy','password','Jordane','ROLE_USER','JQuincy')
INSERT INTO COMPTE VALUES('CompteCourant',2,500.00,4000.00,2)
INSERT INTO COMPTE VALUES('CompteEpargne',3,10000.00,NULL,2)
COMMIT
DISCONNECT
/*C349*/SET SCHEMA PUBLIC
DISCONNECT
/*C350*/SET SCHEMA PUBLIC
alter table Compte drop constraint FKsjjl4fn17t9uy552so0l9xlc7
drop table Compte if exists
drop table User if exists
create table Compte (DTYPE varchar(31) not null, id bigint generated by default as identity (start with 1), solde numeric(19,2), montantDecouvert numeric(19,2), client_id bigint, primary key (id))
create table User (id bigint generated by default as identity (start with 1), nom varchar(255), password varchar(255), prenom varchar(255), role varchar(255), username varchar(255), primary key (id))
alter table Compte add constraint FKsjjl4fn17t9uy552so0l9xlc7 foreign key (client_id) references User
INSERT INTO USER VALUES(1,'R','toor','oot','ROLE_ADMIN','oR')
INSERT INTO COMPTE VALUES('CompteEpargne',1,300000.00,NULL,1)
INSERT INTO USER VALUES(2,'Quincy','password','Jordane','ROLE_USER','JQuincy')
INSERT INTO COMPTE VALUES('CompteCourant',2,500.00,4000.00,2)
INSERT INTO COMPTE VALUES('CompteEpargne',3,10000.00,NULL,2)
COMMIT
DISCONNECT
/*C351*/SET SCHEMA PUBLIC
DISCONNECT
/*C352*/SET SCHEMA PUBLIC
alter table Compte drop constraint FKsjjl4fn17t9uy552so0l9xlc7
drop table Compte if exists
drop table User if exists
create table Compte (DTYPE varchar(31) not null, id bigint generated by default as identity (start with 1), solde numeric(19,2), montantDecouvert numeric(19,2), client_id bigint, primary key (id))
create table User (id bigint generated by default as identity (start with 1), nom varchar(255), password varchar(255), prenom varchar(255), role varchar(255), username varchar(255), primary key (id))
alter table Compte add constraint FKsjjl4fn17t9uy552so0l9xlc7 foreign key (client_id) references User
INSERT INTO USER VALUES(1,'R','toor','oot','ROLE_ADMIN','oR')
INSERT INTO COMPTE VALUES('CompteEpargne',1,300000.00,NULL,1)
INSERT INTO USER VALUES(2,'Quincy','password','Jordane','ROLE_USER','JQuincy')
INSERT INTO COMPTE VALUES('CompteCourant',2,500.00,4000.00,2)
INSERT INTO COMPTE VALUES('CompteEpargne',3,10000.00,NULL,2)
COMMIT
DELETE FROM COMPTE WHERE ID=2
INSERT INTO COMPTE VALUES('CompteCourant',2,1.00,4000.00,2)
COMMIT
DELETE FROM COMPTE WHERE ID=2
INSERT INTO COMPTE VALUES('CompteCourant',2,0.00,4000.00,2)
COMMIT
DELETE FROM COMPTE WHERE ID=2
INSERT INTO COMPTE VALUES('CompteCourant',2,-1.00,4000.00,2)
COMMIT
DELETE FROM COMPTE WHERE ID=2
INSERT INTO COMPTE VALUES('CompteCourant',2,-4000.00,4000.00,2)
COMMIT
DELETE FROM COMPTE WHERE ID=2
INSERT INTO COMPTE VALUES('CompteCourant',2,-3999.00,4000.00,2)
COMMIT
DELETE FROM COMPTE WHERE ID=2
INSERT INTO COMPTE VALUES('CompteCourant',2,-4000.00,4000.00,2)
COMMIT
DELETE FROM COMPTE WHERE ID=2
INSERT INTO COMPTE VALUES('CompteCourant',2,-3999.00,4000.00,2)
COMMIT
DELETE FROM COMPTE WHERE ID=2
INSERT INTO COMPTE VALUES('CompteCourant',2,-4000.00,4000.00,2)
COMMIT
DISCONNECT
/*C318*/SET SCHEMA PUBLIC
DISCONNECT
