2017-04-24 09:39:53,802 [Worker-24] INFO  o.e.m.c.i.l.LifecycleMappingFactory - Using org.maven.ide.eclipse.wtp.WarLifecycleMapping lifecycle mapping for MavenProject: com.github.jordane_quincy:m2_notere_tomcat:0.0.1-SNAPSHOT @ C:\Users\Jordane\Documents\GitHub\M2_notere_soap\m2_notere_tomcat\pom.xml.
2017-04-24 09:39:55,544 [Worker-24] INFO  o.e.m.j.i.AbstractJavaProjectConfigurator - Adding source folder /m2_notere_tomcat/src/main/java
2017-04-24 09:39:55,547 [Worker-24] INFO  o.e.m.j.i.AbstractJavaProjectConfigurator - Adding resource folder /m2_notere_tomcat/src/main/resources
2017-04-24 09:39:55,548 [Worker-24] INFO  o.e.m.j.i.AbstractJavaProjectConfigurator - Adding source folder /m2_notere_tomcat/src/test/java
2017-04-24 09:39:55,548 [Worker-24] INFO  o.e.m.j.i.AbstractJavaProjectConfigurator - Adding resource folder /m2_notere_tomcat/src/test/resources
2017-04-24 09:39:57,098 [Worker-48] WARN  o.e.m.c.i.embedder.EclipseLogger - Using platform encoding (Cp1252 actually) to copy filtered resources, i.e. build is platform dependent!
2017-04-24 09:39:57,116 [Worker-48] INFO  o.e.m.c.i.embedder.EclipseLogger - Copying 0 resource
2017-04-24 09:39:57,119 [Worker-48] WARN  o.e.m.c.i.embedder.EclipseLogger - Using platform encoding (Cp1252 actually) to copy filtered resources, i.e. build is platform dependent!
2017-04-24 09:39:57,140 [Worker-48] INFO  o.e.m.c.i.embedder.EclipseLogger - Copying 0 resource
2017-04-24 09:39:57,485 [Worker-49] WARN  o.e.m.c.i.embedder.EclipseLogger - Using platform encoding (Cp1252 actually) to copy filtered resources, i.e. build is platform dependent!
2017-04-24 09:39:57,496 [Worker-49] INFO  o.e.m.c.i.embedder.EclipseLogger - Copying 0 resource
2017-04-24 09:39:57,498 [Worker-49] WARN  o.e.m.c.i.embedder.EclipseLogger - Using platform encoding (Cp1252 actually) to copy filtered resources, i.e. build is platform dependent!
2017-04-24 09:39:57,504 [Worker-49] INFO  o.e.m.c.i.embedder.EclipseLogger - Copying 0 resource
2017-04-24 09:40:39,350 [Worker-50] INFO  o.e.m.c.i.l.LifecycleMappingFactory - Using org.maven.ide.eclipse.wtp.WarLifecycleMapping lifecycle mapping for MavenProject: com.github.jordane_quincy:m2_notere_tomcat:0.0.1-SNAPSHOT @ C:\Users\Jordane\Documents\GitHub\M2_notere_soap\m2_notere_tomcat\pom.xml.
2017-04-24 09:40:39,862 [Worker-50] INFO  o.e.m.c.i.e.AbstractTransferListenerAdapter - Downloading https://repo.maven.apache.org/maven2/org/apache/maven/plugins/maven-help-plugin/2.2/maven-help-plugin-2.2.pom
2017-04-24 09:40:39,966 [Worker-50] INFO  o.e.m.c.i.e.AbstractTransferListenerAdapter - Downloaded https://repo.maven.apache.org/maven2/org/apache/maven/plugins/maven-help-plugin/2.2/maven-help-plugin-2.2.pom
2017-04-24 09:40:40,032 [Worker-50] INFO  o.e.m.c.i.e.AbstractTransferListenerAdapter - Downloading https://repo.maven.apache.org/maven2/org/apache/maven/plugins/maven-help-plugin/2.2/maven-help-plugin-2.2.jar
2017-04-24 09:40:40,297 [Worker-50] INFO  o.e.m.c.i.e.AbstractTransferListenerAdapter - Downloaded https://repo.maven.apache.org/maven2/org/apache/maven/plugins/maven-help-plugin/2.2/maven-help-plugin-2.2.jar
2017-04-24 09:40:40,470 [Worker-50] INFO  o.e.m.c.i.e.AbstractTransferListenerAdapter - Downloading https://repo.maven.apache.org/maven2/org/codehaus/mojo/xml-maven-plugin/1.0/xml-maven-plugin-1.0.pom
2017-04-24 09:40:40,555 [Worker-50] INFO  o.e.m.c.i.e.AbstractTransferListenerAdapter - Downloaded https://repo.maven.apache.org/maven2/org/codehaus/mojo/xml-maven-plugin/1.0/xml-maven-plugin-1.0.pom
2017-04-24 09:40:40,618 [Worker-50] INFO  o.e.m.c.i.e.AbstractTransferListenerAdapter - Downloading https://repo.maven.apache.org/maven2/org/codehaus/mojo/mojo-parent/28/mojo-parent-28.pom
2017-04-24 09:40:40,705 [Worker-50] INFO  o.e.m.c.i.e.AbstractTransferListenerAdapter - Downloaded https://repo.maven.apache.org/maven2/org/codehaus/mojo/mojo-parent/28/mojo-parent-28.pom
2017-04-24 09:40:40,770 [Worker-50] INFO  o.e.m.c.i.e.AbstractTransferListenerAdapter - Downloading https://repo.maven.apache.org/maven2/org/codehaus/mojo/xml-maven-plugin/1.0/xml-maven-plugin-1.0.jar
2017-04-24 09:40:41,033 [Worker-50] INFO  o.e.m.c.i.e.AbstractTransferListenerAdapter - Downloaded https://repo.maven.apache.org/maven2/org/codehaus/mojo/xml-maven-plugin/1.0/xml-maven-plugin-1.0.jar
2017-04-24 09:40:41,169 [Worker-50] INFO  o.e.m.c.i.e.AbstractTransferListenerAdapter - Downloading https://repo.maven.apache.org/maven2/org/codehaus/mojo/build-helper-maven-plugin/1.10/build-helper-maven-plugin-1.10.pom
2017-04-24 09:40:41,307 [Worker-50] INFO  o.e.m.c.i.e.AbstractTransferListenerAdapter - Downloaded https://repo.maven.apache.org/maven2/org/codehaus/mojo/build-helper-maven-plugin/1.10/build-helper-maven-plugin-1.10.pom
2017-04-24 09:40:41,369 [Worker-50] INFO  o.e.m.c.i.e.AbstractTransferListenerAdapter - Downloading https://repo.maven.apache.org/maven2/org/codehaus/mojo/mojo-parent/38/mojo-parent-38.pom
2017-04-24 09:40:41,466 [Worker-50] INFO  o.e.m.c.i.e.AbstractTransferListenerAdapter - Downloaded https://repo.maven.apache.org/maven2/org/codehaus/mojo/mojo-parent/38/mojo-parent-38.pom
2017-04-24 09:40:41,529 [Worker-50] INFO  o.e.m.c.i.e.AbstractTransferListenerAdapter - Downloading https://repo.maven.apache.org/maven2/org/codehaus/mojo/build-helper-maven-plugin/1.10/build-helper-maven-plugin-1.10.jar
2017-04-24 09:40:41,773 [Worker-50] INFO  o.e.m.c.i.e.AbstractTransferListenerAdapter - Downloaded https://repo.maven.apache.org/maven2/org/codehaus/mojo/build-helper-maven-plugin/1.10/build-helper-maven-plugin-1.10.jar
2017-04-24 09:40:44,076 [Worker-50] INFO  o.e.m.c.i.embedder.EclipseLogger - Using 'UTF-8' encoding to copy filtered resources.
2017-04-24 09:40:44,079 [Worker-50] INFO  o.e.m.c.i.embedder.EclipseLogger - Copying 0 resource
2017-04-24 09:40:44,085 [Worker-50] INFO  o.e.m.c.i.embedder.EclipseLogger - Copying 0 resource
2017-04-24 09:40:44,091 [Worker-50] INFO  o.e.m.c.i.embedder.EclipseLogger - Using 'UTF-8' encoding to copy filtered resources.
2017-04-24 09:40:44,095 [Worker-50] INFO  o.e.m.c.i.embedder.EclipseLogger - Copying 0 resource
2017-04-24 09:40:44,095 [Worker-50] INFO  o.e.m.w.i.f.ResourceFilteringBuildParticipant - Changed resources require a complete clean of filtered resources of m2_notere_tomcat
2017-04-24 09:40:44,134 [Worker-50] INFO  o.e.m.w.i.f.ResourceFilteringBuildParticipant - Executing resource filtering for m2_notere_tomcat
2017-04-24 09:40:44,142 [Worker-50] INFO  o.e.m.c.i.embedder.EclipseLogger - Using 'UTF-8' encoding to copy filtered resources.
2017-04-24 09:40:46,361 [Worker-50] INFO  o.e.m.c.i.l.LifecycleMappingFactory - Using org.eclipse.m2e.jdt.JarLifecycleMapping lifecycle mapping for MavenProject: com.github.jordane_quincy:m2_notere_tomcat:0.0.1-SNAPSHOT @ C:\Users\Jordane\Documents\GitHub\M2_notere_soap\m2_notere_tomcat\pom.xml.
2017-04-24 09:40:47,084 [Worker-50] INFO  o.e.m.c.i.embedder.EclipseLogger - Using 'UTF-8' encoding to copy filtered resources.
2017-04-24 09:40:47,092 [Worker-50] INFO  o.e.m.c.i.embedder.EclipseLogger - Copying 0 resource
2017-04-24 09:40:47,092 [Worker-50] INFO  o.e.m.c.i.embedder.EclipseLogger - Copying 0 resource
2017-04-24 09:40:47,102 [Worker-50] INFO  o.e.m.c.i.embedder.EclipseLogger - Using 'UTF-8' encoding to copy filtered resources.
2017-04-24 09:40:47,102 [Worker-50] INFO  o.e.m.c.i.embedder.EclipseLogger - Copying 0 resource
2017-04-24 09:40:50,841 [Worker-50] INFO  o.e.m.c.i.l.LifecycleMappingFactory - Using org.eclipse.m2e.jdt.JarLifecycleMapping lifecycle mapping for MavenProject: com.github.jordane_quincy:m2_notere_tomcat:0.0.1-SNAPSHOT @ C:\Users\Jordane\Documents\GitHub\M2_notere_soap\m2_notere_tomcat\pom.xml.
2017-04-24 09:40:51,139 [Worker-50] INFO  o.e.m.c.i.embedder.EclipseLogger - Using 'UTF-8' encoding to copy filtered resources.
2017-04-24 09:40:51,141 [Worker-50] INFO  o.e.m.c.i.embedder.EclipseLogger - Copying 0 resource
2017-04-24 09:40:51,142 [Worker-50] INFO  o.e.m.c.i.embedder.EclipseLogger - Copying 0 resource
2017-04-24 09:40:51,151 [Worker-50] INFO  o.e.m.c.i.embedder.EclipseLogger - Using 'UTF-8' encoding to copy filtered resources.
2017-04-24 09:40:51,152 [Worker-50] INFO  o.e.m.c.i.embedder.EclipseLogger - Copying 0 resource
2017-04-24 09:40:54,429 [Worker-45] INFO  o.e.m.c.i.l.LifecycleMappingFactory - Using org.eclipse.m2e.jdt.JarLifecycleMapping lifecycle mapping for MavenProject: com.github.jordane_quincy:m2_notere_tomcat:0.0.1-SNAPSHOT @ C:\Users\Jordane\Documents\GitHub\M2_notere_soap\m2_notere_tomcat\pom.xml.
2017-04-24 09:40:54,618 [Worker-45] INFO  o.e.m.c.i.embedder.EclipseLogger - Using 'UTF-8' encoding to copy filtered resources.
2017-04-24 09:40:54,637 [Worker-45] INFO  o.e.m.c.i.embedder.EclipseLogger - Copying 0 resource
2017-04-24 09:40:54,644 [Worker-45] INFO  o.e.m.c.i.embedder.EclipseLogger - Copying 0 resource
2017-04-24 09:40:54,654 [Worker-45] INFO  o.e.m.c.i.embedder.EclipseLogger - Using 'UTF-8' encoding to copy filtered resources.
2017-04-24 09:40:54,655 [Worker-45] INFO  o.e.m.c.i.embedder.EclipseLogger - Copying 0 resource
2017-04-24 09:41:17,752 [Worker-49] INFO  o.e.m.c.i.embedder.EclipseLogger - Using 'UTF-8' encoding to copy filtered resources.
2017-04-24 09:41:17,759 [Worker-49] INFO  o.e.m.c.i.embedder.EclipseLogger - Copying 0 resource
2017-04-24 09:41:17,759 [Worker-49] INFO  o.e.m.c.i.embedder.EclipseLogger - Copying 0 resource
2017-04-24 09:41:17,761 [Worker-49] INFO  o.e.m.c.i.embedder.EclipseLogger - Using 'UTF-8' encoding to copy filtered resources.
2017-04-24 09:41:17,761 [Worker-49] INFO  o.e.m.c.i.embedder.EclipseLogger - Copying 0 resource
2017-04-24 09:41:27,053 [Worker-50] INFO  o.e.m.c.i.embedder.EclipseLogger - Using 'UTF-8' encoding to copy filtered resources.
2017-04-24 09:41:27,053 [Worker-50] INFO  o.e.m.c.i.embedder.EclipseLogger - Copying 0 resource
2017-04-24 09:41:27,054 [Worker-50] INFO  o.e.m.c.i.embedder.EclipseLogger - Copying 0 resource
2017-04-24 09:41:27,064 [Worker-50] INFO  o.e.m.c.i.embedder.EclipseLogger - Using 'UTF-8' encoding to copy filtered resources.
2017-04-24 09:41:27,065 [Worker-50] INFO  o.e.m.c.i.embedder.EclipseLogger - Copying 0 resource
2017-04-24 09:41:46,489 [Worker-49] INFO  o.e.m.c.i.embedder.EclipseLogger - Using 'UTF-8' encoding to copy filtered resources.
2017-04-24 09:41:46,489 [Worker-49] INFO  o.e.m.c.i.embedder.EclipseLogger - Copying 0 resource
2017-04-24 09:41:46,493 [Worker-49] INFO  o.e.m.c.i.embedder.EclipseLogger - Copying 0 resource
2017-04-24 09:41:46,499 [Worker-49] INFO  o.e.m.c.i.embedder.EclipseLogger - Using 'UTF-8' encoding to copy filtered resources.
2017-04-24 09:41:46,503 [Worker-49] INFO  o.e.m.c.i.embedder.EclipseLogger - Copying 0 resource
2017-04-24 09:41:52,360 [Worker-52] INFO  o.e.m.c.i.p.ProjectConfigurationManager - Update started
2017-04-24 09:41:52,838 [Worker-52] INFO  o.e.m.c.i.l.LifecycleMappingFactory - Using org.eclipse.m2e.jdt.JarLifecycleMapping lifecycle mapping for MavenProject: com.github.jordane_quincy:m2_notere_tomcat:0.0.1-SNAPSHOT @ C:\Users\Jordane\Documents\GitHub\M2_notere_soap\m2_notere_tomcat\pom.xml.
2017-04-24 09:41:53,058 [Worker-52] INFO  o.e.m.j.i.AbstractJavaProjectConfigurator - Adding source folder /m2_notere_tomcat/src/main/java
2017-04-24 09:41:53,062 [Worker-52] INFO  o.e.m.j.i.AbstractJavaProjectConfigurator - Adding resource folder /m2_notere_tomcat/src/main/resources
2017-04-24 09:41:53,074 [Worker-52] INFO  o.e.m.j.i.AbstractJavaProjectConfigurator - Adding resource folder /m2_notere_tomcat/src/main/resources
2017-04-24 09:41:53,086 [Worker-52] INFO  o.e.m.j.i.AbstractJavaProjectConfigurator - Adding source folder /m2_notere_tomcat/src/test/java
2017-04-24 09:41:53,087 [Worker-52] INFO  o.e.m.j.i.AbstractJavaProjectConfigurator - Adding resource folder /m2_notere_tomcat/src/test/resources
2017-04-24 09:41:53,387 [Worker-52] INFO  o.e.m.c.i.p.ProjectConfigurationManager - Update completed: 1 sec
2017-04-24 09:41:53,686 [Worker-26] INFO  o.e.m.c.i.embedder.EclipseLogger - Using 'UTF-8' encoding to copy filtered resources.
2017-04-24 09:41:53,692 [Worker-26] INFO  o.e.m.c.i.embedder.EclipseLogger - Copying 0 resource
2017-04-24 09:41:53,693 [Worker-26] INFO  o.e.m.c.i.embedder.EclipseLogger - Copying 0 resource
2017-04-24 09:41:53,696 [Worker-26] INFO  o.e.m.c.i.embedder.EclipseLogger - Using 'UTF-8' encoding to copy filtered resources.
2017-04-24 09:41:53,696 [Worker-26] INFO  o.e.m.c.i.embedder.EclipseLogger - Copying 0 resource
2017-04-24 09:42:25,238 [Worker-49] INFO  o.e.m.c.i.p.ProjectConfigurationManager - Update started
2017-04-24 09:42:25,704 [Worker-49] INFO  o.e.m.c.i.l.LifecycleMappingFactory - Using org.eclipse.m2e.jdt.JarLifecycleMapping lifecycle mapping for MavenProject: com.github.jordane_quincy:m2_notere_tomcat:0.0.1-SNAPSHOT @ C:\Users\Jordane\Documents\GitHub\M2_notere_soap\m2_notere_tomcat\pom.xml.
2017-04-24 09:42:25,863 [Worker-49] INFO  o.e.m.j.i.AbstractJavaProjectConfigurator - Adding source folder /m2_notere_tomcat/src/main/java
2017-04-24 09:42:25,863 [Worker-49] INFO  o.e.m.j.i.AbstractJavaProjectConfigurator - Adding resource folder /m2_notere_tomcat/src/main/resources
2017-04-24 09:42:25,866 [Worker-49] INFO  o.e.m.j.i.AbstractJavaProjectConfigurator - Adding resource folder /m2_notere_tomcat/src/main/resources
2017-04-24 09:42:25,866 [Worker-49] INFO  o.e.m.j.i.AbstractJavaProjectConfigurator - Adding source folder /m2_notere_tomcat/src/test/java
2017-04-24 09:42:25,870 [Worker-49] INFO  o.e.m.j.i.AbstractJavaProjectConfigurator - Adding resource folder /m2_notere_tomcat/src/test/resources
2017-04-24 09:42:25,985 [Worker-49] INFO  o.e.m.c.i.p.ProjectConfigurationManager - Update completed: 0 sec
2017-04-24 09:42:26,260 [Worker-48] INFO  o.e.m.c.i.embedder.EclipseLogger - Using 'UTF-8' encoding to copy filtered resources.
2017-04-24 09:42:26,261 [Worker-48] INFO  o.e.m.c.i.embedder.EclipseLogger - Copying 0 resource
2017-04-24 09:42:26,262 [Worker-48] INFO  o.e.m.c.i.embedder.EclipseLogger - Copying 0 resource
2017-04-24 09:42:26,265 [Worker-48] INFO  o.e.m.c.i.embedder.EclipseLogger - Using 'UTF-8' encoding to copy filtered resources.
2017-04-24 09:42:26,272 [Worker-48] INFO  o.e.m.c.i.embedder.EclipseLogger - Copying 0 resource
2017-04-24 09:48:10,994 [Worker-55] INFO  o.e.m.c.i.l.LifecycleMappingFactory - Using org.eclipse.m2e.jdt.JarLifecycleMapping lifecycle mapping for MavenProject: org.springframework:gs-serving-web-content:0.1.0 @ C:\Users\Jordane\Documents\GitHub\M2_notere_soap\TpIntergicielSpring\pom.xml.
2017-04-24 09:48:12,336 [Worker-55] INFO  o.e.m.c.i.embedder.EclipseLogger - Using 'UTF-8' encoding to copy filtered resources.
2017-04-24 09:48:12,337 [Worker-55] INFO  o.e.m.c.i.embedder.EclipseLogger - Copying 0 resource
2017-04-24 09:48:12,345 [Worker-55] INFO  o.e.m.c.i.embedder.EclipseLogger - Copying 8 resources
2017-04-24 09:48:12,383 [Worker-55] INFO  o.e.m.c.i.embedder.EclipseLogger - Using 'UTF-8' encoding to copy filtered resources.
2017-04-24 09:48:12,390 [Worker-55] INFO  o.e.m.c.i.embedder.EclipseLogger - Copying 0 resource
2017-04-24 09:48:14,286 [Worker-52] INFO  o.e.m.c.i.embedder.EclipseLogger - Using 'UTF-8' encoding to copy filtered resources.
2017-04-24 09:48:14,289 [Worker-52] INFO  o.e.m.c.i.embedder.EclipseLogger - Copying 0 resource
2017-04-24 09:48:14,297 [Worker-52] INFO  o.e.m.c.i.embedder.EclipseLogger - Copying 8 resources
2017-04-24 09:48:14,336 [Worker-52] INFO  o.e.m.c.i.embedder.EclipseLogger - Using 'UTF-8' encoding to copy filtered resources.
2017-04-24 09:48:14,336 [Worker-52] INFO  o.e.m.c.i.embedder.EclipseLogger - Copying 0 resource
2017-04-24 09:49:16,617 [Worker-54] INFO  o.e.m.c.i.l.LifecycleMappingFactory - Using org.eclipse.m2e.jdt.JarLifecycleMapping lifecycle mapping for MavenProject: org.springframework:gs-serving-web-content:0.1.0 @ C:\Users\Jordane\Documents\GitHub\M2_notere_soap\TpIntergicielSpring\pom.xml.
2017-04-24 09:49:17,401 [Worker-54] INFO  o.e.m.c.i.embedder.EclipseLogger - Using 'UTF-8' encoding to copy filtered resources.
2017-04-24 09:49:17,401 [Worker-54] INFO  o.e.m.c.i.embedder.EclipseLogger - Copying 0 resource
2017-04-24 09:49:17,402 [Worker-54] INFO  o.e.m.c.i.embedder.EclipseLogger - Copying 8 resources
2017-04-24 09:49:17,444 [Worker-54] INFO  o.e.m.c.i.embedder.EclipseLogger - Using 'UTF-8' encoding to copy filtered resources.
2017-04-24 09:49:17,444 [Worker-54] INFO  o.e.m.c.i.embedder.EclipseLogger - Copying 0 resource
2017-04-24 09:49:18,575 [Worker-53] INFO  o.e.m.c.i.embedder.EclipseLogger - Using 'UTF-8' encoding to copy filtered resources.
2017-04-24 09:49:18,576 [Worker-53] INFO  o.e.m.c.i.embedder.EclipseLogger - Copying 0 resource
2017-04-24 09:49:18,584 [Worker-53] INFO  o.e.m.c.i.embedder.EclipseLogger - Copying 8 resources
2017-04-24 09:49:18,617 [Worker-53] INFO  o.e.m.c.i.embedder.EclipseLogger - Using 'UTF-8' encoding to copy filtered resources.
2017-04-24 09:49:18,630 [Worker-53] INFO  o.e.m.c.i.embedder.EclipseLogger - Copying 0 resource
2017-04-24 09:49:43,996 [Worker-56] INFO  o.e.m.c.i.embedder.EclipseLogger - Using 'UTF-8' encoding to copy filtered resources.
2017-04-24 09:49:44,039 [Worker-56] INFO  o.e.m.c.i.embedder.EclipseLogger - Copying 0 resource
2017-04-24 09:49:44,045 [Worker-56] INFO  o.e.m.c.i.embedder.EclipseLogger - Copying 0 resource
2017-04-24 09:49:44,054 [Worker-56] INFO  o.e.m.c.i.embedder.EclipseLogger - Using 'UTF-8' encoding to copy filtered resources.
2017-04-24 09:49:44,055 [Worker-56] INFO  o.e.m.c.i.embedder.EclipseLogger - Copying 0 resource
2017-04-24 10:37:57,731 [Worker-59] INFO  o.e.m.c.i.embedder.EclipseLogger - Using 'UTF-8' encoding to copy filtered resources.
2017-04-24 10:37:57,733 [Worker-59] INFO  o.e.m.c.i.embedder.EclipseLogger - Copying 0 resource
2017-04-24 10:37:57,734 [Worker-59] INFO  o.e.m.c.i.embedder.EclipseLogger - Copying 8 resources
2017-04-24 10:37:57,737 [Worker-59] INFO  o.e.m.c.i.embedder.EclipseLogger - Using 'UTF-8' encoding to copy filtered resources.
2017-04-24 10:37:57,753 [Worker-59] INFO  o.e.m.c.i.embedder.EclipseLogger - Copying 0 resource
2017-04-24 10:38:19,322 [Worker-59] INFO  o.e.m.c.i.embedder.EclipseLogger - Using 'UTF-8' encoding to copy filtered resources.
2017-04-24 10:38:19,332 [Worker-59] INFO  o.e.m.c.i.embedder.EclipseLogger - Copying 0 resource
2017-04-24 10:38:19,338 [Worker-59] INFO  o.e.m.c.i.embedder.EclipseLogger - Copying 8 resources
2017-04-24 10:38:19,347 [Worker-59] INFO  o.e.m.c.i.embedder.EclipseLogger - Using 'UTF-8' encoding to copy filtered resources.
2017-04-24 10:38:19,347 [Worker-59] INFO  o.e.m.c.i.embedder.EclipseLogger - Copying 0 resource
2017-04-24 10:39:55,722 [Worker-59] INFO  o.e.m.c.i.embedder.EclipseLogger - Using 'UTF-8' encoding to copy filtered resources.
2017-04-24 10:39:55,723 [Worker-59] INFO  o.e.m.c.i.embedder.EclipseLogger - Copying 0 resource
2017-04-24 10:39:55,732 [Worker-59] INFO  o.e.m.c.i.embedder.EclipseLogger - Copying 8 resources
2017-04-24 10:39:55,739 [Worker-59] INFO  o.e.m.c.i.embedder.EclipseLogger - Using 'UTF-8' encoding to copy filtered resources.
2017-04-24 10:39:55,745 [Worker-59] INFO  o.e.m.c.i.embedder.EclipseLogger - Copying 0 resource
2017-04-24 10:40:21,410 [Worker-71] INFO  o.e.m.c.i.embedder.EclipseLogger - Using 'UTF-8' encoding to copy filtered resources.
2017-04-24 10:40:21,414 [Worker-71] INFO  o.e.m.c.i.embedder.EclipseLogger - Copying 0 resource
2017-04-24 10:40:21,419 [Worker-71] INFO  o.e.m.c.i.embedder.EclipseLogger - Copying 8 resources
2017-04-24 10:40:21,423 [Worker-71] INFO  o.e.m.c.i.embedder.EclipseLogger - Using 'UTF-8' encoding to copy filtered resources.
2017-04-24 10:40:21,424 [Worker-71] INFO  o.e.m.c.i.embedder.EclipseLogger - Copying 0 resource
2017-04-24 10:41:02,647 [Worker-71] INFO  o.e.m.c.i.embedder.EclipseLogger - Using 'UTF-8' encoding to copy filtered resources.
2017-04-24 10:41:02,649 [Worker-71] INFO  o.e.m.c.i.embedder.EclipseLogger - Copying 0 resource
2017-04-24 10:41:02,650 [Worker-71] INFO  o.e.m.c.i.embedder.EclipseLogger - Copying 8 resources
2017-04-24 10:41:02,652 [Worker-71] INFO  o.e.m.c.i.embedder.EclipseLogger - Using 'UTF-8' encoding to copy filtered resources.
2017-04-24 10:41:02,652 [Worker-71] INFO  o.e.m.c.i.embedder.EclipseLogger - Copying 0 resource
2017-04-24 10:43:04,649 [Worker-67] INFO  o.e.m.c.i.embedder.EclipseLogger - Using 'UTF-8' encoding to copy filtered resources.
2017-04-24 10:43:04,650 [Worker-67] INFO  o.e.m.c.i.embedder.EclipseLogger - Copying 0 resource
2017-04-24 10:43:04,651 [Worker-67] INFO  o.e.m.c.i.embedder.EclipseLogger - Copying 8 resources
2017-04-24 10:43:04,656 [Worker-67] INFO  o.e.m.c.i.embedder.EclipseLogger - Using 'UTF-8' encoding to copy filtered resources.
2017-04-24 10:43:04,657 [Worker-67] INFO  o.e.m.c.i.embedder.EclipseLogger - Copying 0 resource
2017-04-24 10:43:27,004 [Worker-65] INFO  o.e.m.c.i.embedder.EclipseLogger - Using 'UTF-8' encoding to copy filtered resources.
2017-04-24 10:43:27,005 [Worker-65] INFO  o.e.m.c.i.embedder.EclipseLogger - Copying 0 resource
2017-04-24 10:43:27,013 [Worker-65] INFO  o.e.m.c.i.embedder.EclipseLogger - Copying 8 resources
2017-04-24 10:43:27,019 [Worker-65] INFO  o.e.m.c.i.embedder.EclipseLogger - Using 'UTF-8' encoding to copy filtered resources.
2017-04-24 10:43:27,022 [Worker-65] INFO  o.e.m.c.i.embedder.EclipseLogger - Copying 0 resource
2017-04-24 10:43:30,971 [Worker-66] INFO  o.e.m.c.i.embedder.EclipseLogger - Using 'UTF-8' encoding to copy filtered resources.
2017-04-24 10:43:30,976 [Worker-66] INFO  o.e.m.c.i.embedder.EclipseLogger - Copying 0 resource
2017-04-24 10:43:30,980 [Worker-66] INFO  o.e.m.c.i.embedder.EclipseLogger - Copying 8 resources
2017-04-24 10:43:30,987 [Worker-66] INFO  o.e.m.c.i.embedder.EclipseLogger - Using 'UTF-8' encoding to copy filtered resources.
2017-04-24 10:43:30,987 [Worker-66] INFO  o.e.m.c.i.embedder.EclipseLogger - Copying 0 resource
2017-04-24 10:43:36,644 [Worker-59] INFO  o.e.m.c.i.embedder.EclipseLogger - Using 'UTF-8' encoding to copy filtered resources.
2017-04-24 10:43:36,646 [Worker-59] INFO  o.e.m.c.i.embedder.EclipseLogger - Copying 0 resource
2017-04-24 10:43:36,647 [Worker-59] INFO  o.e.m.c.i.embedder.EclipseLogger - Copying 8 resources
2017-04-24 10:43:36,648 [Worker-59] INFO  o.e.m.c.i.embedder.EclipseLogger - Using 'UTF-8' encoding to copy filtered resources.
2017-04-24 10:43:36,653 [Worker-59] INFO  o.e.m.c.i.embedder.EclipseLogger - Copying 0 resource
2017-04-24 10:48:38,291 [Worker-69] INFO  o.e.m.c.i.embedder.EclipseLogger - Using 'UTF-8' encoding to copy filtered resources.
2017-04-24 10:48:38,295 [Worker-69] INFO  o.e.m.c.i.embedder.EclipseLogger - Copying 0 resource
2017-04-24 10:48:38,298 [Worker-69] INFO  o.e.m.c.i.embedder.EclipseLogger - Copying 8 resources
2017-04-24 10:48:38,304 [Worker-69] INFO  o.e.m.c.i.embedder.EclipseLogger - Using 'UTF-8' encoding to copy filtered resources.
2017-04-24 10:48:38,304 [Worker-69] INFO  o.e.m.c.i.embedder.EclipseLogger - Copying 0 resource
2017-04-24 10:49:07,429 [Worker-71] INFO  o.e.m.c.i.embedder.EclipseLogger - Using 'UTF-8' encoding to copy filtered resources.
2017-04-24 10:49:07,430 [Worker-71] INFO  o.e.m.c.i.embedder.EclipseLogger - Copying 0 resource
2017-04-24 10:49:07,434 [Worker-71] INFO  o.e.m.c.i.embedder.EclipseLogger - Copying 8 resources
2017-04-24 10:49:07,439 [Worker-71] INFO  o.e.m.c.i.embedder.EclipseLogger - Using 'UTF-8' encoding to copy filtered resources.
2017-04-24 10:49:07,442 [Worker-71] INFO  o.e.m.c.i.embedder.EclipseLogger - Copying 0 resource
2017-04-24 10:49:14,708 [Worker-71] INFO  o.e.m.c.i.embedder.EclipseLogger - Using 'UTF-8' encoding to copy filtered resources.
2017-04-24 10:49:14,712 [Worker-71] INFO  o.e.m.c.i.embedder.EclipseLogger - Copying 0 resource
2017-04-24 10:49:14,716 [Worker-71] INFO  o.e.m.c.i.embedder.EclipseLogger - Copying 8 resources
2017-04-24 10:49:14,721 [Worker-71] INFO  o.e.m.c.i.embedder.EclipseLogger - Using 'UTF-8' encoding to copy filtered resources.
2017-04-24 10:49:14,721 [Worker-71] INFO  o.e.m.c.i.embedder.EclipseLogger - Copying 0 resource
2017-04-24 10:49:21,991 [Worker-66] INFO  o.e.m.c.i.embedder.EclipseLogger - Using 'UTF-8' encoding to copy filtered resources.
2017-04-24 10:49:21,993 [Worker-66] INFO  o.e.m.c.i.embedder.EclipseLogger - Copying 0 resource
2017-04-24 10:49:21,994 [Worker-66] INFO  o.e.m.c.i.embedder.EclipseLogger - Copying 8 resources
2017-04-24 10:49:21,997 [Worker-66] INFO  o.e.m.c.i.embedder.EclipseLogger - Using 'UTF-8' encoding to copy filtered resources.
2017-04-24 10:49:21,997 [Worker-66] INFO  o.e.m.c.i.embedder.EclipseLogger - Copying 0 resource
2017-04-24 10:49:42,618 [Worker-68] INFO  o.e.m.c.i.embedder.EclipseLogger - Using 'UTF-8' encoding to copy filtered resources.
2017-04-24 10:49:42,621 [Worker-68] INFO  o.e.m.c.i.embedder.EclipseLogger - Copying 0 resource
2017-04-24 10:49:42,622 [Worker-68] INFO  o.e.m.c.i.embedder.EclipseLogger - Copying 8 resources
2017-04-24 10:49:42,630 [Worker-68] INFO  o.e.m.c.i.embedder.EclipseLogger - Using 'UTF-8' encoding to copy filtered resources.
2017-04-24 10:49:42,630 [Worker-68] INFO  o.e.m.c.i.embedder.EclipseLogger - Copying 0 resource
2017-04-24 10:49:45,123 [Worker-70] INFO  o.e.m.c.i.embedder.EclipseLogger - Using 'UTF-8' encoding to copy filtered resources.
2017-04-24 10:49:45,125 [Worker-70] INFO  o.e.m.c.i.embedder.EclipseLogger - Copying 0 resource
2017-04-24 10:49:45,136 [Worker-70] INFO  o.e.m.c.i.embedder.EclipseLogger - Copying 8 resources
2017-04-24 10:49:45,144 [Worker-70] INFO  o.e.m.c.i.embedder.EclipseLogger - Using 'UTF-8' encoding to copy filtered resources.
2017-04-24 10:49:45,149 [Worker-70] INFO  o.e.m.c.i.embedder.EclipseLogger - Copying 0 resource
2017-04-24 10:49:48,733 [Worker-70] INFO  o.e.m.c.i.embedder.EclipseLogger - Using 'UTF-8' encoding to copy filtered resources.
2017-04-24 10:49:48,737 [Worker-70] INFO  o.e.m.c.i.embedder.EclipseLogger - Copying 0 resource
2017-04-24 10:49:48,740 [Worker-70] INFO  o.e.m.c.i.embedder.EclipseLogger - Copying 8 resources
2017-04-24 10:49:48,746 [Worker-70] INFO  o.e.m.c.i.embedder.EclipseLogger - Using 'UTF-8' encoding to copy filtered resources.
2017-04-24 10:49:48,746 [Worker-70] INFO  o.e.m.c.i.embedder.EclipseLogger - Copying 0 resource
2017-04-24 10:49:55,036 [Worker-66] INFO  o.e.m.c.i.embedder.EclipseLogger - Using 'UTF-8' encoding to copy filtered resources.
2017-04-24 10:49:55,037 [Worker-66] INFO  o.e.m.c.i.embedder.EclipseLogger - Copying 0 resource
2017-04-24 10:49:55,038 [Worker-66] INFO  o.e.m.c.i.embedder.EclipseLogger - Copying 8 resources
2017-04-24 10:49:55,040 [Worker-66] INFO  o.e.m.c.i.embedder.EclipseLogger - Using 'UTF-8' encoding to copy filtered resources.
2017-04-24 10:49:55,045 [Worker-66] INFO  o.e.m.c.i.embedder.EclipseLogger - Copying 0 resource
2017-04-24 10:53:43,859 [Worker-72] INFO  o.e.m.c.i.embedder.EclipseLogger - Using 'UTF-8' encoding to copy filtered resources.
2017-04-24 10:53:43,864 [Worker-72] INFO  o.e.m.c.i.embedder.EclipseLogger - Copying 0 resource
2017-04-24 10:53:43,869 [Worker-72] INFO  o.e.m.c.i.embedder.EclipseLogger - Copying 8 resources
2017-04-24 10:53:43,876 [Worker-72] INFO  o.e.m.c.i.embedder.EclipseLogger - Using 'UTF-8' encoding to copy filtered resources.
2017-04-24 10:53:43,876 [Worker-72] INFO  o.e.m.c.i.embedder.EclipseLogger - Copying 0 resource
2017-04-24 10:53:44,983 [Worker-66] INFO  o.e.m.c.i.embedder.EclipseLogger - Using 'UTF-8' encoding to copy filtered resources.
2017-04-24 10:53:44,984 [Worker-66] INFO  o.e.m.c.i.embedder.EclipseLogger - Copying 0 resource
2017-04-24 10:53:44,989 [Worker-66] INFO  o.e.m.c.i.embedder.EclipseLogger - Copying 8 resources
2017-04-24 10:53:44,995 [Worker-66] INFO  o.e.m.c.i.embedder.EclipseLogger - Using 'UTF-8' encoding to copy filtered resources.
2017-04-24 10:53:44,999 [Worker-66] INFO  o.e.m.c.i.embedder.EclipseLogger - Copying 0 resource
2017-04-24 10:55:47,637 [Worker-69] INFO  o.e.m.c.i.embedder.EclipseLogger - Using 'UTF-8' encoding to copy filtered resources.
2017-04-24 10:55:47,641 [Worker-69] INFO  o.e.m.c.i.embedder.EclipseLogger - Copying 0 resource
2017-04-24 10:55:47,646 [Worker-69] INFO  o.e.m.c.i.embedder.EclipseLogger - Copying 8 resources
2017-04-24 10:55:47,652 [Worker-69] INFO  o.e.m.c.i.embedder.EclipseLogger - Using 'UTF-8' encoding to copy filtered resources.
2017-04-24 10:55:47,652 [Worker-69] INFO  o.e.m.c.i.embedder.EclipseLogger - Copying 0 resource
2017-04-24 10:58:07,467 [Worker-64] INFO  o.e.m.c.i.embedder.EclipseLogger - Using 'UTF-8' encoding to copy filtered resources.
2017-04-24 10:58:07,468 [Worker-64] INFO  o.e.m.c.i.embedder.EclipseLogger - Copying 0 resource
2017-04-24 10:58:07,470 [Worker-64] INFO  o.e.m.c.i.embedder.EclipseLogger - Copying 8 resources
2017-04-24 10:58:07,472 [Worker-64] INFO  o.e.m.c.i.embedder.EclipseLogger - Using 'UTF-8' encoding to copy filtered resources.
2017-04-24 10:58:07,472 [Worker-64] INFO  o.e.m.c.i.embedder.EclipseLogger - Copying 0 resource
2017-04-25 05:43:25,078 [Worker-75] INFO  o.e.m.c.i.embedder.EclipseLogger - Using 'UTF-8' encoding to copy filtered resources.
2017-04-25 05:43:25,081 [Worker-75] INFO  o.e.m.c.i.embedder.EclipseLogger - Copying 0 resource
2017-04-25 05:43:25,082 [Worker-75] INFO  o.e.m.c.i.embedder.EclipseLogger - Copying 8 resources
2017-04-25 05:43:25,090 [Worker-75] INFO  o.e.m.c.i.embedder.EclipseLogger - Using 'UTF-8' encoding to copy filtered resources.
2017-04-25 05:43:25,090 [Worker-75] INFO  o.e.m.c.i.embedder.EclipseLogger - Copying 0 resource
2017-04-25 05:43:32,583 [Worker-74] INFO  o.e.m.c.i.embedder.EclipseLogger - Using 'UTF-8' encoding to copy filtered resources.
2017-04-25 05:43:32,584 [Worker-74] INFO  o.e.m.c.i.embedder.EclipseLogger - Copying 0 resource
2017-04-25 05:43:32,592 [Worker-74] INFO  o.e.m.c.i.embedder.EclipseLogger - Copying 8 resources
2017-04-25 05:43:32,600 [Worker-74] INFO  o.e.m.c.i.embedder.EclipseLogger - Using 'UTF-8' encoding to copy filtered resources.
2017-04-25 05:43:32,605 [Worker-74] INFO  o.e.m.c.i.embedder.EclipseLogger - Copying 0 resource
2017-04-25 08:17:07,354 [Worker-13] INFO  o.e.m.c.i.l.LifecycleMappingFactory - Using org.eclipse.m2e.jdt.JarLifecycleMapping lifecycle mapping for MavenProject: org.springframework:gs-serving-web-content:0.1.0 @ C:\Users\Jordane\Documents\GitHub\M2_notere_soap\TpIntergicielSpring\pom.xml.
2017-04-25 08:17:13,174 [Worker-13] INFO  o.e.m.c.i.embedder.EclipseLogger - Using 'UTF-8' encoding to copy filtered resources.
2017-04-25 08:17:13,181 [Worker-13] INFO  o.e.m.c.i.embedder.EclipseLogger - Copying 0 resource
2017-04-25 08:17:13,183 [Worker-13] INFO  o.e.m.c.i.embedder.EclipseLogger - Copying 8 resources
2017-04-25 08:17:13,350 [Worker-13] INFO  o.e.m.c.i.embedder.EclipseLogger - Using 'UTF-8' encoding to copy filtered resources.
2017-04-25 08:17:13,350 [Worker-13] INFO  o.e.m.c.i.embedder.EclipseLogger - Copying 0 resource
2017-04-25 08:17:14,226 [Worker-1] INFO  o.e.m.c.i.l.LifecycleMappingFactory - Using org.eclipse.m2e.jdt.JarLifecycleMapping lifecycle mapping for MavenProject: org.springframework:gs-serving-web-content:0.1.0 @ C:\Users\Jordane\Documents\GitHub\M2_notere_soap\TpIntergicielSpring\pom.xml.
2017-04-25 08:17:15,796 [Worker-12] INFO  o.e.m.c.i.embedder.EclipseLogger - Using 'UTF-8' encoding to copy filtered resources.
2017-04-25 08:17:15,799 [Worker-12] INFO  o.e.m.c.i.embedder.EclipseLogger - Copying 0 resource
2017-04-25 08:17:15,800 [Worker-12] INFO  o.e.m.c.i.embedder.EclipseLogger - Copying 0 resource
2017-04-25 08:17:15,804 [Worker-12] INFO  o.e.m.c.i.embedder.EclipseLogger - Using 'UTF-8' encoding to copy filtered resources.
2017-04-25 08:17:15,805 [Worker-12] INFO  o.e.m.c.i.embedder.EclipseLogger - Copying 0 resource
2017-04-25 09:03:53,565 [Worker-50] INFO  o.e.m.c.i.embedder.EclipseLogger - Using 'UTF-8' encoding to copy filtered resources.
2017-04-25 09:03:53,570 [Worker-50] INFO  o.e.m.c.i.embedder.EclipseLogger - Copying 0 resource
2017-04-25 09:03:53,572 [Worker-50] INFO  o.e.m.c.i.embedder.EclipseLogger - Copying 8 resources
2017-04-25 09:03:53,624 [Worker-50] INFO  o.e.m.c.i.embedder.EclipseLogger - Using 'UTF-8' encoding to copy filtered resources.
2017-04-25 09:03:53,628 [Worker-50] INFO  o.e.m.c.i.embedder.EclipseLogger - Copying 0 resource
2017-04-25 09:03:54,880 [Worker-46] INFO  o.e.m.c.i.embedder.EclipseLogger - Using 'UTF-8' encoding to copy filtered resources.
2017-04-25 09:03:54,881 [Worker-46] INFO  o.e.m.c.i.embedder.EclipseLogger - Copying 0 resource
2017-04-25 09:03:54,881 [Worker-46] INFO  o.e.m.c.i.embedder.EclipseLogger - Copying 0 resource
2017-04-25 09:03:54,889 [Worker-46] INFO  o.e.m.c.i.embedder.EclipseLogger - Using 'UTF-8' encoding to copy filtered resources.
2017-04-25 09:03:54,918 [Worker-46] INFO  o.e.m.c.i.embedder.EclipseLogger - Copying 0 resource
2017-04-25 09:27:18,316 [Worker-2] INFO  o.e.m.c.i.l.LifecycleMappingFactory - Using org.eclipse.m2e.jdt.JarLifecycleMapping lifecycle mapping for MavenProject: org.springframework:gs-serving-web-content:0.1.0 @ C:\Users\Jordane\Documents\GitHub\M2_notere_soap\TpIntergicielSpring\pom.xml.
2017-04-25 09:27:18,581 [Worker-6] INFO  o.e.m.c.i.l.LifecycleMappingFactory - Using org.eclipse.m2e.jdt.JarLifecycleMapping lifecycle mapping for MavenProject: org.springframework:gs-serving-web-content:0.1.0 @ C:\Users\Jordane\Documents\GitHub\M2_notere_soap\TpIntergicielSpring\pom.xml.
2017-04-25 09:27:23,439 [Worker-6] INFO  o.e.m.c.i.embedder.EclipseLogger - Using 'UTF-8' encoding to copy filtered resources.
2017-04-25 09:27:23,446 [Worker-6] INFO  o.e.m.c.i.embedder.EclipseLogger - Copying 0 resource
2017-04-25 09:27:23,448 [Worker-6] INFO  o.e.m.c.i.embedder.EclipseLogger - Copying 8 resources
2017-04-25 09:27:23,658 [Worker-6] INFO  o.e.m.c.i.embedder.EclipseLogger - Using 'UTF-8' encoding to copy filtered resources.
2017-04-25 09:27:23,658 [Worker-6] INFO  o.e.m.c.i.embedder.EclipseLogger - Copying 0 resource
2017-04-25 09:27:24,518 [Worker-22] INFO  o.e.m.c.i.l.LifecycleMappingFactory - Using org.eclipse.m2e.jdt.JarLifecycleMapping lifecycle mapping for MavenProject: org.springframework:gs-serving-web-content:0.1.0 @ C:\Users\Jordane\Documents\GitHub\M2_notere_soap\TpIntergicielSpring\pom.xml.
2017-04-25 09:27:29,014 [Worker-10] INFO  o.e.m.c.i.embedder.EclipseLogger - Using 'UTF-8' encoding to copy filtered resources.
2017-04-25 09:27:29,016 [Worker-10] INFO  o.e.m.c.i.embedder.EclipseLogger - Copying 0 resource
2017-04-25 09:27:29,020 [Worker-10] INFO  o.e.m.c.i.embedder.EclipseLogger - Copying 0 resource
2017-04-25 09:27:29,023 [Worker-10] INFO  o.e.m.c.i.embedder.EclipseLogger - Using 'UTF-8' encoding to copy filtered resources.
2017-04-25 09:27:29,024 [Worker-10] INFO  o.e.m.c.i.embedder.EclipseLogger - Copying 0 resource
2017-04-25 09:50:32,493 [Worker-2] INFO  o.e.m.c.i.embedder.EclipseLogger - Using 'UTF-8' encoding to copy filtered resources.
2017-04-25 09:50:32,509 [Worker-2] INFO  o.e.m.c.i.embedder.EclipseLogger - Copying 0 resource
2017-04-25 09:50:32,517 [Worker-2] INFO  o.e.m.c.i.embedder.EclipseLogger - Copying 8 resources
2017-04-25 09:50:32,532 [Worker-2] INFO  o.e.m.c.i.embedder.EclipseLogger - Using 'UTF-8' encoding to copy filtered resources.
2017-04-25 09:50:32,533 [Worker-2] INFO  o.e.m.c.i.embedder.EclipseLogger - Copying 0 resource
